<?xml version="1.0" encoding="UTF-8"?>
<!-- Generated by org.testng.reporters.JUnitReportReporter -->
<testsuite hostname="DESKTOP-LOONOVG" failures="0" tests="5" name="firsttestngpackage.FirstTestNGFile" time="0.007" errors="0" timestamp="2022-03-17T13:52:24 EDT" skipped="0">
  <testcase classname="firsttestngpackage.FirstTestNGFile" name="e_method" time="0.001"/>
  <system-out/>
  <testcase classname="firsttestngpackage.FirstTestNGFile" name="c_method" time="0.000"/>
  <system-out/>
  <testcase classname="firsttestngpackage.FirstTestNGFile" name="b_method" time="0.005"/>
  <system-out/>
  <testcase classname="firsttestngpackage.FirstTestNGFile" name="d_method" time="0.001"/>
  <system-out/>
  <testcase classname="firsttestngpackage.FirstTestNGFile" name="a_method" time="0.000"/>
  <system-out/>
</testsuite> <!-- firsttestngpackage.FirstTestNGFile -->
