<?xml version="1.0" encoding="UTF-8"?>
<!-- Generated by org.testng.reporters.JUnitReportReporter -->
<testsuite hostname="DESKTOP-LOONOVG" failures="0" tests="3" name="q5.Q5TestNG" time="1.354" errors="0" timestamp="2022-03-17T13:46:58 EDT" skipped="0">
  <testcase classname="q5.Q5TestNG" name="launchGoogle" time="1.073"/>
  <system-out/>
  <testcase classname="q5.Q5TestNG" name="performSearchAndClick1stLink" time="0.269"/>
  <system-out/>
  <testcase classname="q5.Q5TestNG" name="FaceBookPageTitleVerification" time="0.012"/>
  <system-out/>
</testsuite> <!-- q5.Q5TestNG -->
