<?xml version="1.0" encoding="UTF-8"?>
<!-- Generated by org.testng.reporters.JUnitReportReporter -->
<testsuite hostname="DESKTOP-LOONOVG" failures="0" tests="3" name="q6.Q6TestNG" time="19.295" errors="0" timestamp="2022-03-17T13:47:45 EDT" skipped="0">
  <testcase classname="q6.Q6TestNG" name="executeSessionThree" time="6.320"/>
  <system-out/>
  <testcase classname="q6.Q6TestNG" name="executeSessionOne" time="6.436"/>
  <system-out/>
  <testcase classname="q6.Q6TestNG" name="executeSessionTwoo" time="6.539"/>
  <system-out/>
</testsuite> <!-- q6.Q6TestNG -->
