<?xml version="1.0" encoding="UTF-8"?>
<!-- Generated by org.testng.reporters.JUnitReportReporter -->
<testsuite hostname="DESKTOP-LOONOVG" failures="0" tests="1" name="q7.Q7TestNG" time="3.061" errors="0" timestamp="2022-03-17T13:48:05 EDT" skipped="0">
  <testcase classname="q7.Q7TestNG" name="testLogInGitHub" time="3.061"/>
  <system-out/>
</testsuite> <!-- q7.Q7TestNG -->
