<?xml version="1.0" encoding="UTF-8"?>
<!-- Generated by org.testng.reporters.JUnitReportReporter -->
<testsuite hostname="DESKTOP-LOONOVG" failures="0" tests="1" name="q3.Q3TestNG" time="4.259" errors="0" timestamp="2022-03-17T13:44:24 EDT" skipped="0">
  <testcase classname="q3.Q3TestNG" name="getEmailTag" time="4.259"/>
  <system-out/>
</testsuite> <!-- q3.Q3TestNG -->
