<?xml version="1.0" encoding="UTF-8"?>
<!-- Generated by org.testng.reporters.JUnitReportReporter -->
<testsuite hostname="DESKTOP-LOONOVG" failures="0" tests="3" name="q4.Q4TestNG" time="0.650" errors="0" timestamp="2022-03-17T13:45:11 EDT" skipped="0">
  <testcase classname="q4.Q4TestNG" name="checkSecondItem" time="0.253"/>
  <system-out/>
  <testcase classname="q4.Q4TestNG" name="checkFourthItem" time="0.307"/>
  <system-out/>
  <testcase classname="q4.Q4TestNG" name="verifyAddItem" time="0.090"/>
  <system-out/>
</testsuite> <!-- q4.Q4TestNG -->
