<?xml version="1.0" encoding="UTF-8"?>
<!-- Generated by org.testng.reporters.JUnitReportReporter -->
<testsuite hostname="DESKTOP-LOONOVG" failures="0" tests="1" name="q2.Q2TestNG" time="5.914" errors="0" timestamp="2022-03-17T13:43:50 EDT" skipped="0">
  <testcase classname="q2.Q2TestNG" name="verifyHomepageTitle" time="5.914"/>
  <system-out/>
</testsuite> <!-- q2.Q2TestNG -->
