<?xml version="1.0" encoding="UTF-8"?>
<!-- Generated by org.testng.reporters.JUnitReportReporter -->
<testsuite hostname="DESKTOP-LOONOVG" failures="0" tests="5" name="q1.Q1TestNG" time="0.010" errors="0" timestamp="2022-03-17T14:04:08 EDT" skipped="0">
  <testcase classname="q1.Q1TestNG" name="c_method" time="0.000"/>
  <system-out/>
  <testcase classname="q1.Q1TestNG" name="e_method" time="0.001"/>
  <system-out/>
  <testcase classname="q1.Q1TestNG" name="b_method" time="0.006"/>
  <system-out/>
  <testcase classname="q1.Q1TestNG" name="d_method" time="0.001"/>
  <system-out/>
  <testcase classname="q1.Q1TestNG" name="a_method" time="0.002"/>
  <system-out/>
</testsuite> <!-- q1.Q1TestNG -->
